<?xml version="1.0" ?>
<!DOCTYPE coverage SYSTEM "http://cobertura.sourceforge.net/xml/coverage-04.dtd">
<coverage lines-valid="32" lines-covered="14" line-rate="0.4375" branches-valid="15" branches-covered="8" branch-rate="0.5333" timestamp="1709034646806" complexity="0" version="0.1">
  <sources>
    <source>D:\blog-app</source>
  </sources>
  <packages>
    <package name="src" line-rate="0" branch-rate="0">
      <classes>
        <class name="index.js" filename="src\index.js" line-rate="0" branch-rate="1">
          <methods>
          </methods>
          <lines>
            <line number="7" hits="0" branch="false"/>
            <line number="8" hits="0" branch="false"/>
            <line number="17" hits="0" branch="false"/>
          </lines>
        </class>
        <class name="reportWebVitals.js" filename="src\reportWebVitals.js" line-rate="0" branch-rate="0">
          <methods>
            <method name="(anonymous_0)" hits="0" signature="()V">
              <lines>
                <line number="1" hits="0"/>
              </lines>
            </method>
            <method name="(anonymous_1)" hits="0" signature="()V">
              <lines>
                <line number="3" hits="0"/>
              </lines>
            </method>
          </methods>
          <lines>
            <line number="1" hits="0" branch="false"/>
            <line number="2" hits="0" branch="true" condition-coverage="0% (0/4)"/>
            <line number="3" hits="0" branch="false"/>
            <line number="4" hits="0" branch="false"/>
            <line number="5" hits="0" branch="false"/>
            <line number="6" hits="0" branch="false"/>
            <line number="7" hits="0" branch="false"/>
            <line number="8" hits="0" branch="false"/>
          </lines>
        </class>
      </classes>
    </package>
    <package name="src.components.app" line-rate="0.6666" branch-rate="0.7272">
      <classes>
        <class name="App.js" filename="src\components\app\App.js" line-rate="1" branch-rate="1">
          <methods>
            <method name="(anonymous_0)" hits="2" signature="()V">
              <lines>
                <line number="25" hits="2"/>
              </lines>
            </method>
            <method name="(anonymous_1)" hits="1" signature="()V">
              <lines>
                <line number="28" hits="1"/>
              </lines>
            </method>
            <method name="(anonymous_2)" hits="1" signature="()V">
              <lines>
                <line number="31" hits="1"/>
              </lines>
            </method>
          </methods>
          <lines>
            <line number="24" hits="1" branch="false"/>
            <line number="26" hits="2" branch="false"/>
            <line number="29" hits="1" branch="false"/>
            <line number="32" hits="1" branch="false"/>
            <line number="35" hits="1" branch="false"/>
          </lines>
        </class>
        <class name="Button.js" filename="src\components\app\Button.js" line-rate="0.6666" branch-rate="1">
          <methods>
            <method name="Button" hits="3" signature="()V">
              <lines>
                <line number="4" hits="3"/>
              </lines>
            </method>
            <method name="(anonymous_1)" hits="0" signature="()V">
              <lines>
                <line number="60" hits="0"/>
              </lines>
            </method>
          </methods>
          <lines>
            <line number="17" hits="3" branch="false"/>
            <line number="51" hits="1" branch="false"/>
            <line number="60" hits="0" branch="false"/>
          </lines>
        </class>
        <class name="DropDown.js" filename="src\components\app\DropDown.js" line-rate="0.5" branch-rate="0.5714">
          <methods>
            <method name="DropDown" hits="1" signature="()V">
              <lines>
                <line number="6" hits="1"/>
              </lines>
            </method>
            <method name="(anonymous_1)" hits="0" signature="()V">
              <lines>
                <line number="6" hits="0"/>
              </lines>
            </method>
            <method name="(anonymous_2)" hits="0" signature="()V">
              <lines>
                <line number="10" hits="0"/>
              </lines>
            </method>
            <method name="(anonymous_3)" hits="0" signature="()V">
              <lines>
                <line number="19" hits="0"/>
              </lines>
            </method>
            <method name="(anonymous_4)" hits="0" signature="()V">
              <lines>
                <line number="59" hits="0"/>
              </lines>
            </method>
            <method name="(anonymous_5)" hits="0" signature="()V">
              <lines>
                <line number="63" hits="0"/>
              </lines>
            </method>
          </methods>
          <lines>
            <line number="4" hits="1" branch="false"/>
            <line number="7" hits="1" branch="false"/>
            <line number="8" hits="1" branch="false"/>
            <line number="10" hits="1" branch="false"/>
            <line number="11" hits="0" branch="false"/>
            <line number="12" hits="0" branch="false"/>
            <line number="13" hits="0" branch="false"/>
            <line number="16" hits="1" branch="false"/>
            <line number="19" hits="0" branch="false"/>
            <line number="60" hits="0" branch="false"/>
            <line number="63" hits="0" branch="false"/>
            <line number="76" hits="1" branch="false"/>
          </lines>
        </class>
        <class name="Sum.js" filename="src\components\app\Sum.js" line-rate="1" branch-rate="1">
          <methods>
            <method name="Sum" hits="1" signature="()V">
              <lines>
                <line number="4" hits="1"/>
              </lines>
            </method>
          </methods>
          <lines>
            <line number="6" hits="1" branch="false"/>
          </lines>
        </class>
      </classes>
    </package>
  </packages>
</coverage>
